[debug] [2022-01-19T06:50:11.094Z] ----------------------------------------------------------------------
[debug] [2022-01-19T06:50:11.097Z] Command:       C:\Program Files\nodejs\node.exe C:\Users\SEJAL\AppData\Roaming\npm\node_modules\firebase-tools\lib\bin\firebase.js init
[debug] [2022-01-19T06:50:11.098Z] CLI Version:   10.1.1
[debug] [2022-01-19T06:50:11.098Z] Platform:      win32
[debug] [2022-01-19T06:50:11.098Z] Node Version:  v14.17.1
[debug] [2022-01-19T06:50:11.099Z] Time:          Wed Jan 19 2022 12:20:11 GMT+0530 (India Standard Time)
[debug] [2022-01-19T06:50:11.099Z] ----------------------------------------------------------------------
[debug] 
[debug] [2022-01-19T06:50:11.112Z] > command requires scopes: ["email","openid","https://www.googleapis.com/auth/cloudplatformprojects.readonly","https://www.googleapis.com/auth/firebase","https://www.googleapis.com/auth/cloud-platform"]
[debug] [2022-01-19T06:50:11.112Z] > authorizing via signed-in user (sej122299@gmail.com)
[info] 
     ######## #### ########  ######## ########     ###     ######  ########
     ##        ##  ##     ## ##       ##     ##  ##   ##  ##       ##
     ######    ##  ########  ######   ########  #########  ######  ######
     ##        ##  ##    ##  ##       ##     ## ##     ##       ## ##
     ##       #### ##     ## ######## ########  ##     ##  ######  ########

You're about to initialize a Firebase project in this directory:

  C:\Users\SEJAL\OneDrive\Documents\port1\myport\src

[info] 
=== Project Setup
[info] 
[info] First, let's associate this project directory with a Firebase project.
[info] You can create multiple project aliases by running firebase use --add, 
[info] but for now we'll just set up a default project.
[info] 
[debug] [2022-01-19T06:50:19.125Z] >>> [apiv2][query] GET https://firebase.googleapis.com/v1beta1/projects pageSize=100
[debug] [2022-01-19T06:50:19.892Z] <<< [apiv2][status] GET https://firebase.googleapis.com/v1beta1/projects 200
[debug] [2022-01-19T06:50:19.892Z] <<< [apiv2][body] GET https://firebase.googleapis.com/v1beta1/projects [omitted]
[info] i  Using project portfolio-7886a (PORTFOLIO) 
[info] 
=== Hosting Setup
[info] 
[info] Your public directory is the folder (relative to your project directory) that
[info] will contain Hosting assets to be uploaded with firebase deploy. If you
[info] have a build process for your assets, use your build's output directory.
[info] 
